<?xml version="1.0" encoding="UTF-8"?>
<testng-results skipped="0" failed="0" ignored="0" total="0" passed="0">
  <reporter-output>
  </reporter-output>
  <suite name="Sfdc_Automation.SFDC.AppTest" duration-ms="5" started-at="2018-02-07T06:19:10Z" finished-at="2018-02-07T06:19:10Z">
    <groups>
    </groups>
    <test name="Command line test" duration-ms="5" started-at="2018-02-07T06:19:10Z" finished-at="2018-02-07T06:19:10Z">
    </test> <!-- Command line test -->
  </suite> <!-- Sfdc_Automation.SFDC.AppTest -->
</testng-results>
